PRT1
69
160
4 0 12 (2048 1024 128 ) (2048 1024 1152 ) (2048 1920 1152 ) (2048 1920 128 ) 
4 0 3 (2048 1024 1152 ) (2048 1024 128 ) (3008 1024 128 ) (3008 1024 1152 ) 
4 0 1 (2048 1024 128 ) (2048 1920 128 ) (3008 1920 128 ) (3008 1024 128 ) 
4 1 13 (2048 1024 64 ) (2048 1024 128 ) (2048 1920 128 ) (2048 1920 64 ) 
4 1 4 (2048 1024 128 ) (2048 1024 64 ) (3008 1024 64 ) (3008 1024 128 ) 
4 1 2 (2048 1920 64 ) (3008 1920 64 ) (3008 1024 64 ) (2048 1024 64 ) 
4 2 14 (2048 1024 -64 ) (2048 1024 64 ) (2048 1920 64 ) (2048 1920 -64 ) 
4 2 5 (2048 1024 64 ) (2048 1024 -64 ) (3008 1024 -64 ) (3008 1024 64 ) 
4 3 19 (2048 0 128 ) (2048 0 1152 ) (2048 1024 1152 ) (2048 1024 128 ) 
4 3 6 (3008 0 128 ) (3008 0 1152 ) (2048 0 1152 ) (2048 0 128 ) 
4 3 4 (2048 0 128 ) (2048 1024 128 ) (3008 1024 128 ) (3008 0 128 ) 
4 4 20 (2048 0 64 ) (2048 0 128 ) (2048 1024 128 ) (2048 1024 64 ) 
4 4 7 (3008 0 64 ) (3008 0 128 ) (2048 0 128 ) (2048 0 64 ) 
4 4 5 (2048 1024 64 ) (3008 1024 64 ) (3008 0 64 ) (2048 0 64 ) 
4 5 23 (2048 0 -64 ) (2048 0 0 ) (2048 1024 0 ) (2048 1024 -64 ) 
4 5 21 (2048 0 0 ) (2048 0 64 ) (2048 1024 64 ) (2048 1024 0 ) 
4 5 8 (3008 0 -64 ) (3008 0 64 ) (2048 0 64 ) (2048 0 -64 ) 
4 6 43 (2048 -1024 128 ) (2048 -1024 1152 ) (2048 0 1152 ) (2048 0 128 ) 
4 6 9 (2048 -1024 1152 ) (2048 -1024 128 ) (3008 -1024 128 ) (3008 -1024 1152 ) 
4 6 7 (2048 -1024 128 ) (2048 0 128 ) (3008 0 128 ) (3008 -1024 128 ) 
4 7 44 (2048 -1024 64 ) (2048 -1024 128 ) (2048 0 128 ) (2048 0 64 ) 
4 7 10 (2048 -1024 128 ) (2048 -1024 64 ) (3008 -1024 64 ) (3008 -1024 128 ) 
4 7 8 (2048 0 64 ) (3008 0 64 ) (3008 -1024 64 ) (2048 -1024 64 ) 
4 8 45 (2048 -1024 -64 ) (2048 -1024 64 ) (2048 0 64 ) (2048 0 -64 ) 
4 8 11 (2048 -1024 64 ) (2048 -1024 -64 ) (3008 -1024 -64 ) (3008 -1024 64 ) 
4 9 56 (2048 -1856 128 ) (2048 -1856 1152 ) (2048 -1024 1152 ) (2048 -1024 128 ) 
4 9 10 (3008 -1856 128 ) (2048 -1856 128 ) (2048 -1024 128 ) (3008 -1024 128 ) 
4 10 57 (2048 -1856 64 ) (2048 -1856 128 ) (2048 -1024 128 ) (2048 -1024 64 ) 
4 10 11 (3008 -1856 64 ) (2048 -1856 64 ) (2048 -1024 64 ) (3008 -1024 64 ) 
4 11 58 (2048 -1856 -64 ) (2048 -1856 64 ) (2048 -1024 64 ) (2048 -1024 -64 ) 
4 12 24 (1088 1024 1152 ) (1024 1024 1152 ) (1024 1024 128 ) (1088 1024 128 ) 
4 12 19 (2048 1024 128 ) (2048 1024 1152 ) (1088 1024 1152 ) (1088 1024 128 ) 
4 12 16 (1024 1024 128 ) (1024 1024 1152 ) (1024 1920 1152 ) (1024 1920 128 ) 
4 12 13 (1024 1024 128 ) (1024 1920 128 ) (2048 1920 128 ) (2048 1024 128 ) 
4 13 25 (1088 1024 128 ) (1024 1024 128 ) (1024 1024 64 ) (1088 1024 64 ) 
4 13 20 (2048 1024 64 ) (2048 1024 128 ) (1088 1024 128 ) (1088 1024 64 ) 
4 13 17 (1024 1024 64 ) (1024 1024 128 ) (1024 1920 128 ) (1024 1920 64 ) 
4 13 15 (1024 1088 64 ) (1024 1920 64 ) (1856 1920 64 ) (1856 1088 64 ) 
4 13 14 (1856 1920 64 ) (2048 1920 64 ) (2048 1024 64 ) (1856 1024 64 ) 
4 14 23 (2048 1024 -64 ) (2048 1024 0 ) (1856 1024 0 ) (1856 1024 -64 ) 
4 14 21 (2048 1024 0 ) (2048 1024 64 ) (1856 1024 64 ) (1856 1024 0 ) 
4 14 15 (1856 1920 -64 ) (1856 1088 -64 ) (1856 1088 64 ) (1856 1920 64 ) 
4 15 18 (1024 1088 64 ) (1024 1920 64 ) (1024 1920 -64 ) (1024 1088 -64 ) 
4 16 36 (0 1024 128 ) (0 1024 1152 ) (0 1920 1152 ) (0 1920 128 ) 
4 16 33 (0 1024 1152 ) (0 1024 128 ) (1024 1024 128 ) (1024 1024 1152 ) 
4 16 17 (1024 1024 128 ) (0 1024 128 ) (0 1920 128 ) (1024 1920 128 ) 
4 17 37 (0 1024 64 ) (0 1024 128 ) (0 1920 128 ) (0 1920 64 ) 
4 17 34 (0 1024 128 ) (0 1024 64 ) (1024 1024 64 ) (1024 1024 128 ) 
4 17 18 (0 1088 64 ) (0 1920 64 ) (1024 1920 64 ) (1024 1088 64 ) 
4 18 38 (0 1088 64 ) (0 1920 64 ) (0 1920 -64 ) (0 1088 -64 ) 
4 19 43 (2048 0 128 ) (2048 0 1152 ) (1088 0 1152 ) (1088 0 128 ) 
4 19 24 (1088 1024 1152 ) (1088 1024 128 ) (1088 0 128 ) (1088 0 1152 ) 
4 19 20 (2048 0 128 ) (1088 0 128 ) (1088 1024 128 ) (2048 1024 128 ) 
4 20 44 (2048 0 64 ) (2048 0 128 ) (1088 0 128 ) (1088 0 64 ) 
4 20 25 (1088 1024 128 ) (1088 1024 64 ) (1088 0 64 ) (1088 0 128 ) 
4 20 21 (2048 0 64 ) (1856 0 64 ) (1856 1024 64 ) (2048 1024 64 ) 
4 20 22 (1792 0 64 ) (1088 0 64 ) (1088 1024 64 ) (1792 1024 64 ) 
4 21 45 (2048 0 0 ) (2048 0 64 ) (1856 0 64 ) (1856 0 0 ) 
4 21 23 (1856 1024 0 ) (2048 1024 0 ) (2048 0 0 ) (1856 0 0 ) 
4 22 31 (1088 192 0 ) (1088 0 0 ) (1088 0 64 ) (1088 192 64 ) 
4 22 30 (1088 256 0 ) (1088 192 0 ) (1088 192 64 ) (1088 256 64 ) 
4 22 28 (1088 448 0 ) (1088 384 0 ) (1088 384 64 ) (1088 448 64 ) 
4 22 26 (1088 704 0 ) (1088 640 0 ) (1088 640 64 ) (1088 704 64 ) 
4 22 27 (1088 576 0 ) (1088 512 0 ) (1088 512 64 ) (1088 576 64 ) 
4 23 45 (2048 0 -64 ) (2048 0 0 ) (1856 0 0 ) (1856 0 -64 ) 
4 24 43 (1024 0 1152 ) (1024 0 128 ) (1088 0 128 ) (1088 0 1152 ) 
4 24 33 (1024 1024 1152 ) (1024 1024 128 ) (1024 0 128 ) (1024 0 1152 ) 
4 24 25 (1024 1024 128 ) (1088 1024 128 ) (1088 0 128 ) (1024 0 128 ) 
4 25 44 (1024 0 128 ) (1024 0 64 ) (1088 0 64 ) (1088 0 128 ) 
4 25 34 (1024 1024 128 ) (1024 1024 64 ) (1024 0 64 ) (1024 0 128 ) 
4 25 31 (1088 192 64 ) (1088 0 64 ) (1024 0 64 ) (1024 192 64 ) 
4 25 30 (1088 256 64 ) (1088 192 64 ) (1024 192 64 ) (1024 256 64 ) 
4 25 28 (1088 448 64 ) (1088 384 64 ) (1024 384 64 ) (1024 448 64 ) 
4 25 26 (1088 704 64 ) (1088 640 64 ) (1024 640 64 ) (1024 704 64 ) 
4 25 27 (1088 576 64 ) (1088 512 64 ) (1024 512 64 ) (1024 576 64 ) 
4 26 35 (1024 640 0 ) (1024 640 64 ) (1024 704 64 ) (1024 704 0 ) 
4 27 35 (1024 512 0 ) (1024 512 64 ) (1024 576 64 ) (1024 576 0 ) 
4 28 35 (1024 384 0 ) (1024 384 64 ) (1024 448 64 ) (1024 448 0 ) 
4 28 29 (1088 384 0 ) (1024 384 0 ) (1024 448 0 ) (1088 448 0 ) 
4 30 35 (1024 192 0 ) (1024 192 64 ) (1024 256 64 ) (1024 256 0 ) 
4 30 31 (1088 192 0 ) (1088 192 64 ) (1024 192 64 ) (1024 192 0 ) 
4 31 35 (1024 0 0 ) (1024 0 64 ) (1024 192 64 ) (1024 192 0 ) 
4 31 32 (1024 192 0 ) (1088 192 0 ) (1088 0 0 ) (1024 0 0 ) 
4 33 47 (1024 0 128 ) (1024 0 1152 ) (0 0 1152 ) (0 0 128 ) 
4 33 40 (0 0 128 ) (0 0 1152 ) (0 1024 1152 ) (0 1024 128 ) 
4 33 34 (0 0 128 ) (0 1024 128 ) (1024 1024 128 ) (1024 0 128 ) 
4 34 48 (1024 0 64 ) (1024 0 128 ) (0 0 128 ) (0 0 64 ) 
4 34 41 (0 0 64 ) (0 0 128 ) (0 1024 128 ) (0 1024 64 ) 
4 34 35 (1024 0 64 ) (0 0 64 ) (0 1024 64 ) (1024 1024 64 ) 
4 35 49 (384 0 64 ) (320 0 64 ) (320 0 0 ) (384 0 0 ) 
4 36 40 (0 1024 128 ) (0 1024 1152 ) (-832 1024 1152 ) (-832 1024 128 ) 
4 36 37 (0 1024 128 ) (-832 1024 128 ) (-832 1920 128 ) (0 1920 128 ) 
4 37 41 (0 1024 64 ) (0 1024 128 ) (-832 1024 128 ) (-832 1024 64 ) 
4 37 38 (-64 1088 64 ) (-64 1920 64 ) (0 1920 64 ) (0 1088 64 ) 
4 37 39 (-64 1024 64 ) (-832 1024 64 ) (-832 1920 64 ) (-64 1920 64 ) 
4 38 39 (-64 1920 -64 ) (-64 1088 -64 ) (-64 1088 64 ) (-64 1920 64 ) 
4 39 42 (-64 1024 64 ) (-832 1024 64 ) (-832 1024 -64 ) (-64 1024 -64 ) 
4 40 62 (0 0 128 ) (0 0 1152 ) (-832 0 1152 ) (-832 0 128 ) 
4 40 41 (-832 0 128 ) (-832 1024 128 ) (0 1024 128 ) (0 0 128 ) 
4 41 63 (0 0 64 ) (0 0 128 ) (-832 0 128 ) (-832 0 64 ) 
4 41 42 (-832 0 64 ) (-832 1024 64 ) (-64 1024 64 ) (-64 0 64 ) 
4 42 65 (-64 0 64 ) (-832 0 64 ) (-832 0 -64 ) (-64 0 -64 ) 
4 43 56 (2048 -1024 128 ) (2048 -1024 1152 ) (1024 -1024 1152 ) (1024 -1024 128 ) 
4 43 50 (1024 -64 128 ) (1024 -1024 128 ) (1024 -1024 1152 ) (1024 -64 1152 ) 
4 43 47 (1024 0 1152 ) (1024 0 128 ) (1024 -64 128 ) (1024 -64 1152 ) 
4 43 44 (2048 -1024 128 ) (1024 -1024 128 ) (1024 0 128 ) (2048 0 128 ) 
4 44 57 (2048 -1024 64 ) (2048 -1024 128 ) (1024 -1024 128 ) (1024 -1024 64 ) 
4 44 51 (1024 -64 64 ) (1024 -1024 64 ) (1024 -1024 128 ) (1024 -64 128 ) 
4 44 48 (1024 0 128 ) (1024 0 64 ) (1024 -64 64 ) (1024 -64 128 ) 
4 44 46 (1856 -1024 64 ) (1024 -1024 64 ) (1024 -64 64 ) (1856 -64 64 ) 
4 44 45 (2048 -1024 64 ) (1856 -1024 64 ) (1856 0 64 ) (2048 0 64 ) 
4 45 58 (2048 -1024 -64 ) (2048 -1024 64 ) (1856 -1024 64 ) (1856 -1024 -64 ) 
4 45 46 (1856 -64 -64 ) (1856 -1024 -64 ) (1856 -1024 64 ) (1856 -64 64 ) 
4 46 58 (1856 -1024 64 ) (1024 -1024 64 ) (1024 -1024 -64 ) (1856 -1024 -64 ) 
4 46 53 (1024 -64 -64 ) (1024 -1024 -64 ) (1024 -1024 0 ) (1024 -64 0 ) 
4 46 52 (1024 -1024 0 ) (1024 -1024 64 ) (1024 -64 64 ) (1024 -64 0 ) 
4 47 62 (0 0 1152 ) (0 0 128 ) (0 -64 128 ) (0 -64 1152 ) 
4 47 50 (0 -64 1152 ) (0 -64 128 ) (1024 -64 128 ) (1024 -64 1152 ) 
4 47 48 (1024 -64 128 ) (0 -64 128 ) (0 0 128 ) (1024 0 128 ) 
4 48 63 (0 0 128 ) (0 0 64 ) (0 -64 64 ) (0 -64 128 ) 
4 48 51 (0 -64 128 ) (0 -64 64 ) (1024 -64 64 ) (1024 -64 128 ) 
4 48 49 (384 -64 64 ) (320 -64 64 ) (320 0 64 ) (384 0 64 ) 
4 49 52 (384 -64 0 ) (384 -64 64 ) (320 -64 64 ) (320 -64 0 ) 
4 50 62 (0 -1024 128 ) (0 -1024 1152 ) (0 -64 1152 ) (0 -64 128 ) 
4 50 59 (1024 -1024 128 ) (1024 -1024 1152 ) (0 -1024 1152 ) (0 -1024 128 ) 
4 50 51 (1024 -1024 128 ) (0 -1024 128 ) (0 -64 128 ) (1024 -64 128 ) 
4 51 63 (0 -1024 64 ) (0 -1024 128 ) (0 -64 128 ) (0 -64 64 ) 
4 51 60 (1024 -1024 64 ) (1024 -1024 128 ) (0 -1024 128 ) (0 -1024 64 ) 
4 51 52 (0 -64 64 ) (1024 -64 64 ) (1024 -1024 64 ) (0 -1024 64 ) 
4 52 64 (0 -1024 0 ) (0 -1024 64 ) (0 -64 64 ) (0 -64 0 ) 
4 52 61 (1024 -1024 0 ) (1024 -1024 64 ) (0 -1024 64 ) (0 -1024 0 ) 
4 52 55 (448 -256 0 ) (448 -1024 0 ) (256 -1024 0 ) (256 -256 0 ) 
4 52 54 (0 -64 0 ) (256 -64 0 ) (256 -1024 0 ) (0 -1024 0 ) 
4 52 53 (448 -64 0 ) (1024 -64 0 ) (1024 -1024 0 ) (448 -1024 0 ) 
4 53 61 (1024 -1024 -64 ) (1024 -1024 0 ) (448 -1024 0 ) (512 -1024 -64 ) 
4 53 55 (448 -1024 0 ) (448 -256 0 ) (512 -320 -64 ) (512 -1024 -64 ) 
4 54 64 (0 -64 -64 ) (0 -1024 -64 ) (0 -1024 0 ) (0 -64 0 ) 
4 54 61 (256 -1024 0 ) (0 -1024 0 ) (0 -1024 -64 ) (192 -1024 -64 ) 
4 54 55 (192 -1024 -64 ) (192 -320 -64 ) (256 -256 0 ) (256 -1024 0 ) 
4 55 61 (448 -1024 0 ) (256 -1024 0 ) (192 -1024 -64 ) (512 -1024 -64 ) 
4 56 59 (1024 -1856 128 ) (1024 -1856 1152 ) (1024 -1024 1152 ) (1024 -1024 128 ) 
4 56 57 (2048 -1856 128 ) (1024 -1856 128 ) (1024 -1024 128 ) (2048 -1024 128 ) 
4 57 60 (1024 -1856 64 ) (1024 -1856 128 ) (1024 -1024 128 ) (1024 -1024 64 ) 
4 57 58 (2048 -1856 64 ) (1024 -1856 64 ) (1024 -1024 64 ) (2048 -1024 64 ) 
4 58 61 (1024 -1856 -64 ) (1024 -1856 64 ) (1024 -1024 64 ) (1024 -1024 -64 ) 
4 59 66 (0 -1856 128 ) (0 -1856 1152 ) (0 -1024 1152 ) (0 -1024 128 ) 
4 59 60 (1024 -1856 128 ) (0 -1856 128 ) (0 -1024 128 ) (1024 -1024 128 ) 
4 60 67 (0 -1856 64 ) (0 -1856 128 ) (0 -1024 128 ) (0 -1024 64 ) 
4 60 61 (1024 -1856 64 ) (0 -1856 64 ) (0 -1024 64 ) (1024 -1024 64 ) 
4 61 68 (0 -1856 -64 ) (0 -1856 64 ) (0 -1024 64 ) (0 -1024 -64 ) 
4 62 66 (0 -1024 128 ) (0 -1024 1152 ) (-832 -1024 1152 ) (-832 -1024 128 ) 
4 62 63 (-832 -1024 128 ) (-832 0 128 ) (0 0 128 ) (0 -1024 128 ) 
4 63 67 (0 -1024 64 ) (0 -1024 128 ) (-832 -1024 128 ) (-832 -1024 64 ) 
4 63 64 (0 -64 64 ) (0 -1024 64 ) (-64 -1024 64 ) (-64 -64 64 ) 
4 63 65 (-832 -1024 64 ) (-832 0 64 ) (-64 0 64 ) (-64 -1024 64 ) 
4 64 68 (0 -1024 -64 ) (0 -1024 64 ) (-64 -1024 64 ) (-64 -1024 -64 ) 
4 64 65 (-64 -64 -64 ) (-64 -1024 -64 ) (-64 -1024 64 ) (-64 -64 64 ) 
4 65 68 (-64 -1024 64 ) (-832 -1024 64 ) (-832 -1024 -64 ) (-64 -1024 -64 ) 
4 66 67 (0 -1856 128 ) (-832 -1856 128 ) (-832 -1024 128 ) (0 -1024 128 ) 
4 67 68 (0 -1856 64 ) (-832 -1856 64 ) (-832 -1024 64 ) (0 -1024 64 ) 
